[0.008s] Invoking command in '/home/noetic-sierra/ros2_ws/build/turtlesim': CMAKE_PREFIX_PATH=/opt/ros/humble /usr/bin/cmake /home/noetic-sierra/ros2_ws/src/ros_tutorials/turtlesim -DCMAKE_INSTALL_PREFIX=/home/noetic-sierra/ros2_ws/install/turtlesim
[0.096s] -- The C compiler identification is GNU 11.3.0
[0.138s] -- The CXX compiler identification is GNU 11.3.0
[0.144s] -- Detecting C compiler ABI info
[0.191s] -- Detecting C compiler ABI info - done
[0.196s] -- Check for working C compiler: /usr/bin/cc - skipped
[0.196s] -- Detecting C compile features
[0.197s] -- Detecting C compile features - done
[0.199s] -- Detecting CXX compiler ABI info
[0.253s] -- Detecting CXX compiler ABI info - done
[0.259s] -- Check for working CXX compiler: /usr/bin/c++ - skipped
[0.259s] -- Detecting CXX compile features
[0.260s] -- Detecting CXX compile features - done
[0.261s] -- Found ament_cmake: 1.3.4 (/opt/ros/humble/share/ament_cmake/cmake)
[0.390s] -- Found Python3: /usr/bin/python3.10 (found version "3.10.6") found components: Interpreter 
[0.455s] -- Found ament_index_cpp: 1.4.0 (/opt/ros/humble/share/ament_index_cpp/cmake)
[0.456s] -- Found geometry_msgs: 4.2.3 (/opt/ros/humble/share/geometry_msgs/cmake)
[0.483s] -- Found rosidl_generator_c: 3.1.4 (/opt/ros/humble/share/rosidl_generator_c/cmake)
[0.486s] -- Found rosidl_adapter: 3.1.4 (/opt/ros/humble/share/rosidl_adapter/cmake)
[0.492s] -- Found rosidl_generator_cpp: 3.1.4 (/opt/ros/humble/share/rosidl_generator_cpp/cmake)
[0.503s] -- Using all available rosidl_typesupport_c: rosidl_typesupport_fastrtps_c;rosidl_typesupport_introspection_c
[0.518s] -- Using all available rosidl_typesupport_cpp: rosidl_typesupport_fastrtps_cpp;rosidl_typesupport_introspection_cpp
[0.637s] -- Found rclcpp: 16.0.4 (/opt/ros/humble/share/rclcpp/cmake)
[0.684s] -- Found rmw_implementation_cmake: 6.1.1 (/opt/ros/humble/share/rmw_implementation_cmake/cmake)
[0.686s] -- Found rmw_fastrtps_cpp: 6.2.2 (/opt/ros/humble/share/rmw_fastrtps_cpp/cmake)
[0.756s] -- Found OpenSSL: /usr/lib/x86_64-linux-gnu/libcrypto.so (found version "3.0.2")  
[0.776s] -- Found FastRTPS: /opt/ros/humble/include  
[0.812s] -- Using RMW implementation 'rmw_fastrtps_cpp' as default
[0.819s] -- Looking for pthread.h
[0.885s] -- Looking for pthread.h - found
[0.886s] -- Performing Test CMAKE_HAVE_LIBC_PTHREAD
[0.935s] -- Performing Test CMAKE_HAVE_LIBC_PTHREAD - Success
[0.936s] -- Found Threads: TRUE  
[1.049s] -- Found rclcpp_action: 16.0.4 (/opt/ros/humble/share/rclcpp_action/cmake)
[1.131s] -- Found rosidl_default_generators: 1.2.0 (/opt/ros/humble/share/rosidl_default_generators/cmake)
[1.139s] -- Found std_srvs: 4.2.3 (/opt/ros/humble/share/std_srvs/cmake)
[1.398s] -- Found ament_cmake_ros: 0.10.0 (/opt/ros/humble/share/ament_cmake_ros/cmake)
[1.638s] -- Using all available rosidl_typesupport_c: rosidl_typesupport_fastrtps_c;rosidl_typesupport_introspection_c
[1.729s] -- Using all available rosidl_typesupport_cpp: rosidl_typesupport_fastrtps_cpp;rosidl_typesupport_introspection_cpp
[1.746s] -- Found PythonInterp: /usr/bin/python3 (found suitable version "3.10.6", minimum required is "3.6") 
[1.747s] -- Found python_cmake_module: 0.10.0 (/opt/ros/humble/share/python_cmake_module/cmake)
[1.769s] -- Found PythonLibs: /usr/lib/x86_64-linux-gnu/libpython3.10.so (found suitable version "3.10.6", minimum required is "3.5") 
[1.769s] -- Using PYTHON_EXECUTABLE: /usr/bin/python3
[1.769s] -- Using PYTHON_INCLUDE_DIRS: /usr/include/python3.10
[1.769s] -- Using PYTHON_LIBRARIES: /usr/lib/x86_64-linux-gnu/libpython3.10.so
[1.785s] -- Found PythonExtra: .so  
[1.825s] -- Configuring done
[1.874s] -- Generating done
[1.877s] -- Build files have been written to: /home/noetic-sierra/ros2_ws/build/turtlesim
[1.888s] Invoked command in '/home/noetic-sierra/ros2_ws/build/turtlesim' returned '0': CMAKE_PREFIX_PATH=/opt/ros/humble /usr/bin/cmake /home/noetic-sierra/ros2_ws/src/ros_tutorials/turtlesim -DCMAKE_INSTALL_PREFIX=/home/noetic-sierra/ros2_ws/install/turtlesim
[1.889s] Invoking command in '/home/noetic-sierra/ros2_ws/build/turtlesim': CMAKE_PREFIX_PATH=/opt/ros/humble /usr/bin/cmake --build /home/noetic-sierra/ros2_ws/build/turtlesim -- -j8 -l8
[1.918s] [  1%] [34m[1mGenerating C code for ROS interfaces[0m
[1.925s] [  2%] [34m[1mGenerating C++ code for ROS interfaces[0m
[1.933s] [  2%] Built target ament_cmake_python_copy_turtlesim
[2.190s] running egg_info
[2.191s] creating turtlesim.egg-info
[2.191s] writing turtlesim.egg-info/PKG-INFO
[2.191s] writing dependency_links to turtlesim.egg-info/dependency_links.txt
[2.191s] writing top-level names to turtlesim.egg-info/top_level.txt
[2.192s] writing manifest file 'turtlesim.egg-info/SOURCES.txt'
[2.194s] reading manifest file 'turtlesim.egg-info/SOURCES.txt'
[2.195s] writing manifest file 'turtlesim.egg-info/SOURCES.txt'
[2.221s] [  2%] Built target ament_cmake_python_build_turtlesim_egg
[2.785s] [  2%] Built target turtlesim__cpp
[2.796s] [  3%] [34m[1mGenerating C++ type support dispatch for ROS interfaces[0m
[2.799s] [  5%] [34m[1mGenerating C++ type support for eProsima Fast-RTPS[0m
[2.799s] [  5%] [34m[1mGenerating C++ introspection for ROS interfaces[0m
[2.867s] [  8%] [32mBuilding C object CMakeFiles/turtlesim__rosidl_generator_c.dir/rosidl_generator_c/turtlesim/msg/detail/color__functions.c.o[0m
[2.867s] [  8%] [32mBuilding C object CMakeFiles/turtlesim__rosidl_generator_c.dir/rosidl_generator_c/turtlesim/action/detail/rotate_absolute__functions.c.o[0m
[2.867s] [  8%] [32mBuilding C object CMakeFiles/turtlesim__rosidl_generator_c.dir/rosidl_generator_c/turtlesim/msg/detail/pose__functions.c.o[0m
[2.867s] [  9%] [32mBuilding C object CMakeFiles/turtlesim__rosidl_generator_c.dir/rosidl_generator_c/turtlesim/srv/detail/kill__functions.c.o[0m
[2.867s] [ 10%] [32mBuilding C object CMakeFiles/turtlesim__rosidl_generator_c.dir/rosidl_generator_c/turtlesim/srv/detail/set_pen__functions.c.o[0m
[2.940s] [ 11%] [32mBuilding C object CMakeFiles/turtlesim__rosidl_generator_c.dir/rosidl_generator_c/turtlesim/srv/detail/spawn__functions.c.o[0m
[2.949s] [ 12%] [32mBuilding C object CMakeFiles/turtlesim__rosidl_generator_c.dir/rosidl_generator_c/turtlesim/srv/detail/teleport_absolute__functions.c.o[0m
[2.956s] [ 13%] [32mBuilding C object CMakeFiles/turtlesim__rosidl_generator_c.dir/rosidl_generator_c/turtlesim/srv/detail/teleport_relative__functions.c.o[0m
[3.047s] [ 14%] [32m[1mLinking C shared library libturtlesim__rosidl_generator_c.so[0m
[3.079s] [ 14%] Built target turtlesim__rosidl_generator_c
[3.088s] [ 15%] [34m[1mGenerating C introspection for ROS interfaces[0m
[3.090s] [ 17%] [34m[1mGenerating C type support dispatch for ROS interfaces[0m
[3.090s] [ 17%] [34m[1mGenerating C type support for eProsima Fast-RTPS[0m
[3.422s] [ 19%] [32mBuilding CXX object CMakeFiles/turtlesim__rosidl_typesupport_cpp.dir/rosidl_typesupport_cpp/turtlesim/msg/pose__type_support.cpp.o[0m
[3.423s] [ 19%] [32mBuilding CXX object CMakeFiles/turtlesim__rosidl_typesupport_cpp.dir/rosidl_typesupport_cpp/turtlesim/msg/color__type_support.cpp.o[0m
[3.424s] [ 20%] [32mBuilding CXX object CMakeFiles/turtlesim__rosidl_typesupport_cpp.dir/rosidl_typesupport_cpp/turtlesim/action/rotate_absolute__type_support.cpp.o[0m
[3.849s] [ 21%] [32mBuilding CXX object CMakeFiles/turtlesim__rosidl_typesupport_cpp.dir/rosidl_typesupport_cpp/turtlesim/srv/kill__type_support.cpp.o[0m
[3.856s] [ 22%] [32mBuilding CXX object CMakeFiles/turtlesim__rosidl_typesupport_cpp.dir/rosidl_typesupport_cpp/turtlesim/srv/set_pen__type_support.cpp.o[0m
[4.012s] [ 23%] [32mBuilding CXX object CMakeFiles/turtlesim__rosidl_typesupport_fastrtps_cpp.dir/rosidl_typesupport_fastrtps_cpp/turtlesim/action/detail/dds_fastrtps/rotate_absolute__type_support.cpp.o[0m
[4.082s] [ 25%] [32mBuilding CXX object CMakeFiles/turtlesim__rosidl_typesupport_c.dir/rosidl_typesupport_c/turtlesim/action/rotate_absolute__type_support.cpp.o[0m
[4.082s] [ 25%] [32mBuilding CXX object CMakeFiles/turtlesim__rosidl_typesupport_introspection_cpp.dir/rosidl_typesupport_introspection_cpp/turtlesim/action/detail/rotate_absolute__type_support.cpp.o[0m
[4.153s] [ 26%] [32mBuilding CXX object CMakeFiles/turtlesim__rosidl_typesupport_c.dir/rosidl_typesupport_c/turtlesim/msg/color__type_support.cpp.o[0m
[4.170s] [ 27%] [32mBuilding CXX object CMakeFiles/turtlesim__rosidl_typesupport_c.dir/rosidl_typesupport_c/turtlesim/msg/pose__type_support.cpp.o[0m
[4.199s] [ 28%] [32mBuilding CXX object CMakeFiles/turtlesim__rosidl_typesupport_c.dir/rosidl_typesupport_c/turtlesim/srv/kill__type_support.cpp.o[0m
[4.212s] [ 29%] [32mBuilding CXX object CMakeFiles/turtlesim__rosidl_typesupport_c.dir/rosidl_typesupport_c/turtlesim/srv/set_pen__type_support.cpp.o[0m
[4.245s] [ 30%] [32mBuilding CXX object CMakeFiles/turtlesim__rosidl_typesupport_c.dir/rosidl_typesupport_c/turtlesim/srv/spawn__type_support.cpp.o[0m
[4.259s] [ 31%] [32mBuilding CXX object CMakeFiles/turtlesim__rosidl_typesupport_c.dir/rosidl_typesupport_c/turtlesim/srv/teleport_absolute__type_support.cpp.o[0m
[4.271s] [ 32%] [32mBuilding CXX object CMakeFiles/turtlesim__rosidl_typesupport_cpp.dir/rosidl_typesupport_cpp/turtlesim/srv/spawn__type_support.cpp.o[0m
[4.287s] [ 33%] [32mBuilding CXX object CMakeFiles/turtlesim__rosidl_typesupport_cpp.dir/rosidl_typesupport_cpp/turtlesim/srv/teleport_absolute__type_support.cpp.o[0m
[4.287s] [ 34%] [32mBuilding CXX object CMakeFiles/turtlesim__rosidl_typesupport_c.dir/rosidl_typesupport_c/turtlesim/srv/teleport_relative__type_support.cpp.o[0m
[4.301s] [ 35%] [32mBuilding CXX object CMakeFiles/turtlesim__rosidl_typesupport_cpp.dir/rosidl_typesupport_cpp/turtlesim/srv/teleport_relative__type_support.cpp.o[0m
[4.328s] [ 36%] [32m[1mLinking CXX shared library libturtlesim__rosidl_typesupport_c.so[0m
[4.392s] [ 36%] Built target turtlesim__rosidl_typesupport_c
[4.411s] [ 37%] [32mBuilding CXX object CMakeFiles/turtlesim__rosidl_typesupport_fastrtps_cpp.dir/rosidl_typesupport_fastrtps_cpp/turtlesim/msg/detail/dds_fastrtps/color__type_support.cpp.o[0m
[4.527s] [ 38%] [32mBuilding C object CMakeFiles/turtlesim__rosidl_typesupport_introspection_c.dir/rosidl_typesupport_introspection_c/turtlesim/action/detail/rotate_absolute__type_support.c.o[0m
[4.597s] [ 39%] [32mBuilding C object CMakeFiles/turtlesim__rosidl_typesupport_introspection_c.dir/rosidl_typesupport_introspection_c/turtlesim/msg/detail/color__type_support.c.o[0m
[4.610s] [ 40%] [32mBuilding CXX object CMakeFiles/turtlesim__rosidl_typesupport_fastrtps_c.dir/rosidl_typesupport_fastrtps_c/turtlesim/action/detail/rotate_absolute__type_support_c.cpp.o[0m
[4.643s] [ 41%] [32mBuilding C object CMakeFiles/turtlesim__rosidl_typesupport_introspection_c.dir/rosidl_typesupport_introspection_c/turtlesim/msg/detail/pose__type_support.c.o[0m
[4.689s] [ 42%] [32mBuilding C object CMakeFiles/turtlesim__rosidl_typesupport_introspection_c.dir/rosidl_typesupport_introspection_c/turtlesim/srv/detail/kill__type_support.c.o[0m
[4.695s] [ 43%] [32mBuilding CXX object CMakeFiles/turtlesim__rosidl_typesupport_fastrtps_cpp.dir/rosidl_typesupport_fastrtps_cpp/turtlesim/msg/detail/dds_fastrtps/pose__type_support.cpp.o[0m
[4.729s] [ 44%] [32mBuilding CXX object CMakeFiles/turtlesim__rosidl_typesupport_fastrtps_cpp.dir/rosidl_typesupport_fastrtps_cpp/turtlesim/srv/detail/dds_fastrtps/kill__type_support.cpp.o[0m
[4.741s] [ 46%] [32m[1mLinking CXX shared library libturtlesim__rosidl_typesupport_cpp.so[0m
[4.741s] [ 46%] [32mBuilding C object CMakeFiles/turtlesim__rosidl_typesupport_introspection_c.dir/rosidl_typesupport_introspection_c/turtlesim/srv/detail/set_pen__type_support.c.o[0m
[4.792s] [ 47%] [32mBuilding C object CMakeFiles/turtlesim__rosidl_typesupport_introspection_c.dir/rosidl_typesupport_introspection_c/turtlesim/srv/detail/spawn__type_support.c.o[0m
[4.798s] [ 47%] Built target turtlesim__rosidl_typesupport_cpp
[4.811s] [ 48%] [34m[1mGenerating include/turtlesim/moc_turtle_frame.cpp[0m
[4.843s] [ 49%] [32mBuilding C object CMakeFiles/turtlesim__rosidl_typesupport_introspection_c.dir/rosidl_typesupport_introspection_c/turtlesim/srv/detail/teleport_absolute__type_support.c.o[0m
[4.892s] [ 50%] [32mBuilding C object CMakeFiles/turtlesim__rosidl_typesupport_introspection_c.dir/rosidl_typesupport_introspection_c/turtlesim/srv/detail/teleport_relative__type_support.c.o[0m
[4.912s] [ 51%] [32mBuilding CXX object CMakeFiles/turtlesim_node.dir/src/turtlesim.cpp.o[0m
[4.950s] [ 52%] [32m[1mLinking C shared library libturtlesim__rosidl_typesupport_introspection_c.so[0m
[4.959s] [ 53%] [32mBuilding CXX object CMakeFiles/turtlesim__rosidl_typesupport_fastrtps_cpp.dir/rosidl_typesupport_fastrtps_cpp/turtlesim/srv/detail/dds_fastrtps/set_pen__type_support.cpp.o[0m
[4.999s] [ 54%] [32mBuilding CXX object CMakeFiles/turtlesim__rosidl_typesupport_introspection_cpp.dir/rosidl_typesupport_introspection_cpp/turtlesim/msg/detail/color__type_support.cpp.o[0m
[4.999s] [ 54%] Built target turtlesim__rosidl_typesupport_introspection_c
[5.019s] [ 55%] [32mBuilding CXX object CMakeFiles/turtlesim__rosidl_typesupport_fastrtps_cpp.dir/rosidl_typesupport_fastrtps_cpp/turtlesim/srv/detail/dds_fastrtps/spawn__type_support.cpp.o[0m
[5.021s] [ 56%] [32mBuilding CXX object CMakeFiles/turtle_teleop_key.dir/tutorials/teleop_turtle_key.cpp.o[0m
[5.207s] [ 57%] [32mBuilding CXX object CMakeFiles/turtlesim__rosidl_typesupport_fastrtps_c.dir/rosidl_typesupport_fastrtps_c/turtlesim/msg/detail/color__type_support_c.cpp.o[0m
[5.312s] [ 58%] [32mBuilding CXX object CMakeFiles/turtlesim__rosidl_typesupport_fastrtps_cpp.dir/rosidl_typesupport_fastrtps_cpp/turtlesim/srv/detail/dds_fastrtps/teleport_absolute__type_support.cpp.o[0m
[5.389s] [ 59%] [32mBuilding CXX object CMakeFiles/turtlesim__rosidl_typesupport_fastrtps_cpp.dir/rosidl_typesupport_fastrtps_cpp/turtlesim/srv/detail/dds_fastrtps/teleport_relative__type_support.cpp.o[0m
[5.586s] [ 60%] [32mBuilding CXX object CMakeFiles/turtlesim__rosidl_typesupport_fastrtps_c.dir/rosidl_typesupport_fastrtps_c/turtlesim/msg/detail/pose__type_support_c.cpp.o[0m
[5.620s] [ 61%] [32mBuilding CXX object CMakeFiles/turtlesim__rosidl_typesupport_introspection_cpp.dir/rosidl_typesupport_introspection_cpp/turtlesim/msg/detail/pose__type_support.cpp.o[0m
[5.659s] [ 62%] [32mBuilding CXX object CMakeFiles/turtlesim__rosidl_typesupport_introspection_cpp.dir/rosidl_typesupport_introspection_cpp/turtlesim/srv/detail/kill__type_support.cpp.o[0m
[5.719s] [ 63%] [32mBuilding CXX object CMakeFiles/turtlesim__rosidl_typesupport_fastrtps_c.dir/rosidl_typesupport_fastrtps_c/turtlesim/srv/detail/kill__type_support_c.cpp.o[0m
[5.951s] [ 64%] [32mBuilding CXX object CMakeFiles/turtlesim__rosidl_typesupport_fastrtps_c.dir/rosidl_typesupport_fastrtps_c/turtlesim/srv/detail/set_pen__type_support_c.cpp.o[0m
[6.083s] [ 65%] [32m[1mLinking CXX shared library libturtlesim__rosidl_typesupport_fastrtps_cpp.so[0m
[6.113s] [ 66%] [32mBuilding CXX object CMakeFiles/turtlesim__rosidl_typesupport_fastrtps_c.dir/rosidl_typesupport_fastrtps_c/turtlesim/srv/detail/spawn__type_support_c.cpp.o[0m
[6.224s] [ 66%] Built target turtlesim__rosidl_typesupport_fastrtps_cpp
[6.228s] [ 67%] [32mBuilding CXX object CMakeFiles/turtlesim__rosidl_typesupport_introspection_cpp.dir/rosidl_typesupport_introspection_cpp/turtlesim/srv/detail/set_pen__type_support.cpp.o[0m
[6.249s] [ 68%] [32mBuilding CXX object CMakeFiles/draw_square.dir/tutorials/draw_square.cpp.o[0m
[6.279s] [ 69%] [32mBuilding CXX object CMakeFiles/turtlesim__rosidl_typesupport_fastrtps_c.dir/rosidl_typesupport_fastrtps_c/turtlesim/srv/detail/teleport_absolute__type_support_c.cpp.o[0m
[6.285s] [ 70%] [32mBuilding CXX object CMakeFiles/turtlesim__rosidl_typesupport_introspection_cpp.dir/rosidl_typesupport_introspection_cpp/turtlesim/srv/detail/spawn__type_support.cpp.o[0m
[6.513s] [ 71%] [32mBuilding CXX object CMakeFiles/mimic.dir/tutorials/mimic.cpp.o[0m
[6.681s] [ 72%] [32mBuilding CXX object CMakeFiles/turtlesim__rosidl_typesupport_fastrtps_c.dir/rosidl_typesupport_fastrtps_c/turtlesim/srv/detail/teleport_relative__type_support_c.cpp.o[0m
[6.845s] [ 73%] [32mBuilding CXX object CMakeFiles/turtlesim__rosidl_typesupport_introspection_cpp.dir/rosidl_typesupport_introspection_cpp/turtlesim/srv/detail/teleport_absolute__type_support.cpp.o[0m
[6.893s] [ 74%] [32mBuilding CXX object CMakeFiles/turtlesim__rosidl_typesupport_introspection_cpp.dir/rosidl_typesupport_introspection_cpp/turtlesim/srv/detail/teleport_relative__type_support.cpp.o[0m
[6.895s] [ 75%] [32mBuilding CXX object CMakeFiles/turtlesim_node.dir/src/turtle.cpp.o[0m
[7.231s] [ 76%] [32m[1mLinking CXX shared library libturtlesim__rosidl_typesupport_fastrtps_c.so[0m
[7.374s] [ 76%] Built target turtlesim__rosidl_typesupport_fastrtps_c
[7.385s] [ 77%] [32mBuilding CXX object CMakeFiles/turtlesim_node.dir/src/turtle_frame.cpp.o[0m
[7.460s] [ 78%] [32mBuilding CXX object CMakeFiles/turtlesim_node.dir/include/turtlesim/moc_turtle_frame.cpp.o[0m
[7.564s] [ 79%] [32m[1mLinking CXX shared library libturtlesim__rosidl_typesupport_introspection_cpp.so[0m
[7.695s] [ 79%] Built target turtlesim__rosidl_typesupport_introspection_cpp
[7.718s] [ 79%] Built target turtlesim
[7.742s] [ 80%] [34m[1mGenerating Python code for ROS interfaces[0m
[11.329s] [ 80%] Built target turtlesim__py
[11.368s] [ 81%] [32mBuilding C object CMakeFiles/turtlesim__rosidl_generator_py.dir/rosidl_generator_py/turtlesim/action/_rotate_absolute_s.c.o[0m
[11.705s] [ 82%] [32mBuilding C object CMakeFiles/turtlesim__rosidl_generator_py.dir/rosidl_generator_py/turtlesim/msg/_color_s.c.o[0m
[11.912s] [ 83%] [32mBuilding C object CMakeFiles/turtlesim__rosidl_generator_py.dir/rosidl_generator_py/turtlesim/msg/_pose_s.c.o[0m
[12.083s] [ 84%] [32mBuilding C object CMakeFiles/turtlesim__rosidl_generator_py.dir/rosidl_generator_py/turtlesim/srv/_kill_s.c.o[0m
[12.252s] [ 85%] [32mBuilding C object CMakeFiles/turtlesim__rosidl_generator_py.dir/rosidl_generator_py/turtlesim/srv/_set_pen_s.c.o[0m
[12.438s] [ 86%] [32mBuilding C object CMakeFiles/turtlesim__rosidl_generator_py.dir/rosidl_generator_py/turtlesim/srv/_spawn_s.c.o[0m
[12.572s] [ 87%] [32mBuilding C object CMakeFiles/turtlesim__rosidl_generator_py.dir/rosidl_generator_py/turtlesim/srv/_teleport_absolute_s.c.o[0m
[12.629s] [ 88%] [32mBuilding C object CMakeFiles/turtlesim__rosidl_generator_py.dir/rosidl_generator_py/turtlesim/srv/_teleport_relative_s.c.o[0m
[12.811s] [ 89%] [32m[1mLinking C shared library rosidl_generator_py/turtlesim/libturtlesim__rosidl_generator_py.so[0m
[12.878s] [ 89%] Built target turtlesim__rosidl_generator_py
[12.902s] [ 91%] [32mBuilding C object CMakeFiles/turtlesim__rosidl_typesupport_introspection_c__pyext.dir/rosidl_generator_py/turtlesim/_turtlesim_s.ep.rosidl_typesupport_introspection_c.c.o[0m
[12.902s] [ 91%] [32mBuilding C object CMakeFiles/turtlesim__rosidl_typesupport_fastrtps_c__pyext.dir/rosidl_generator_py/turtlesim/_turtlesim_s.ep.rosidl_typesupport_fastrtps_c.c.o[0m
[13.197s] [ 92%] [32m[1mLinking C shared library rosidl_generator_py/turtlesim/turtlesim_s__rosidl_typesupport_fastrtps_c.cpython-310-x86_64-linux-gnu.so[0m
[13.203s] [ 93%] [32m[1mLinking C shared library rosidl_generator_py/turtlesim/turtlesim_s__rosidl_typesupport_introspection_c.cpython-310-x86_64-linux-gnu.so[0m
[13.252s] [ 93%] Built target turtlesim__rosidl_typesupport_fastrtps_c__pyext
[13.261s] [ 93%] Built target turtlesim__rosidl_typesupport_introspection_c__pyext
[13.280s] [ 94%] [32mBuilding C object CMakeFiles/turtlesim__rosidl_typesupport_c__pyext.dir/rosidl_generator_py/turtlesim/_turtlesim_s.ep.rosidl_typesupport_c.c.o[0m
[13.509s] [ 95%] [32m[1mLinking C shared library rosidl_generator_py/turtlesim/turtlesim_s__rosidl_typesupport_c.cpython-310-x86_64-linux-gnu.so[0m
[13.562s] [ 95%] Built target turtlesim__rosidl_typesupport_c__pyext
[14.952s] [ 96%] [32m[1mLinking CXX executable turtle_teleop_key[0m
[15.246s] [ 96%] Built target turtle_teleop_key
[18.451s] [ 97%] [32m[1mLinking CXX executable mimic[0m
[18.934s] [ 97%] Built target mimic
[19.361s] [ 98%] [32m[1mLinking CXX executable draw_square[0m
[19.832s] [ 98%] Built target draw_square
[22.902s] [100%] [32m[1mLinking CXX executable turtlesim_node[0m
[25.027s] [100%] Built target turtlesim_node
[25.036s] Invoked command in '/home/noetic-sierra/ros2_ws/build/turtlesim' returned '0': CMAKE_PREFIX_PATH=/opt/ros/humble /usr/bin/cmake --build /home/noetic-sierra/ros2_ws/build/turtlesim -- -j8 -l8
[25.155s] Invoking command in '/home/noetic-sierra/ros2_ws/build/turtlesim': CMAKE_PREFIX_PATH=/opt/ros/humble /usr/bin/cmake --install /home/noetic-sierra/ros2_ws/build/turtlesim
[25.160s] -- Install configuration: ""
[25.160s] -- Installing: /home/noetic-sierra/ros2_ws/install/turtlesim/share/ament_index/resource_index/rosidl_interfaces/turtlesim
[25.161s] -- Installing: /home/noetic-sierra/ros2_ws/install/turtlesim/include/turtlesim/turtlesim
[25.161s] -- Installing: /home/noetic-sierra/ros2_ws/install/turtlesim/include/turtlesim/turtlesim/srv
[25.161s] -- Installing: /home/noetic-sierra/ros2_ws/install/turtlesim/include/turtlesim/turtlesim/srv/kill.h
[25.161s] -- Installing: /home/noetic-sierra/ros2_ws/install/turtlesim/include/turtlesim/turtlesim/srv/detail
[25.161s] -- Installing: /home/noetic-sierra/ros2_ws/install/turtlesim/include/turtlesim/turtlesim/srv/detail/set_pen__type_support.h
[25.161s] -- Installing: /home/noetic-sierra/ros2_ws/install/turtlesim/include/turtlesim/turtlesim/srv/detail/kill__functions.c
[25.162s] -- Installing: /home/noetic-sierra/ros2_ws/install/turtlesim/include/turtlesim/turtlesim/srv/detail/teleport_relative__functions.h
[25.162s] -- Installing: /home/noetic-sierra/ros2_ws/install/turtlesim/include/turtlesim/turtlesim/srv/detail/set_pen__functions.c
[25.162s] -- Installing: /home/noetic-sierra/ros2_ws/install/turtlesim/include/turtlesim/turtlesim/srv/detail/teleport_relative__type_support.h
[25.162s] -- Installing: /home/noetic-sierra/ros2_ws/install/turtlesim/include/turtlesim/turtlesim/srv/detail/teleport_relative__struct.h
[25.162s] -- Installing: /home/noetic-sierra/ros2_ws/install/turtlesim/include/turtlesim/turtlesim/srv/detail/spawn__type_support.h
[25.162s] -- Installing: /home/noetic-sierra/ros2_ws/install/turtlesim/include/turtlesim/turtlesim/srv/detail/spawn__functions.c
[25.162s] -- Installing: /home/noetic-sierra/ros2_ws/install/turtlesim/include/turtlesim/turtlesim/srv/detail/kill__functions.h
[25.162s] -- Installing: /home/noetic-sierra/ros2_ws/install/turtlesim/include/turtlesim/turtlesim/srv/detail/teleport_absolute__functions.c
[25.162s] -- Installing: /home/noetic-sierra/ros2_ws/install/turtlesim/include/turtlesim/turtlesim/srv/detail/spawn__struct.h
[25.162s] -- Installing: /home/noetic-sierra/ros2_ws/install/turtlesim/include/turtlesim/turtlesim/srv/detail/teleport_absolute__functions.h
[25.162s] -- Installing: /home/noetic-sierra/ros2_ws/install/turtlesim/include/turtlesim/turtlesim/srv/detail/spawn__functions.h
[25.162s] -- Installing: /home/noetic-sierra/ros2_ws/install/turtlesim/include/turtlesim/turtlesim/srv/detail/teleport_absolute__struct.h
[25.162s] -- Installing: /home/noetic-sierra/ros2_ws/install/turtlesim/include/turtlesim/turtlesim/srv/detail/teleport_absolute__type_support.h
[25.163s] -- Installing: /home/noetic-sierra/ros2_ws/install/turtlesim/include/turtlesim/turtlesim/srv/detail/set_pen__struct.h
[25.163s] -- Installing: /home/noetic-sierra/ros2_ws/install/turtlesim/include/turtlesim/turtlesim/srv/detail/kill__struct.h
[25.163s] -- Installing: /home/noetic-sierra/ros2_ws/install/turtlesim/include/turtlesim/turtlesim/srv/detail/teleport_relative__functions.c
[25.163s] -- Installing: /home/noetic-sierra/ros2_ws/install/turtlesim/include/turtlesim/turtlesim/srv/detail/kill__type_support.h
[25.163s] -- Installing: /home/noetic-sierra/ros2_ws/install/turtlesim/include/turtlesim/turtlesim/srv/detail/set_pen__functions.h
[25.163s] -- Installing: /home/noetic-sierra/ros2_ws/install/turtlesim/include/turtlesim/turtlesim/srv/teleport_relative.h
[25.163s] -- Installing: /home/noetic-sierra/ros2_ws/install/turtlesim/include/turtlesim/turtlesim/srv/spawn.h
[25.163s] -- Installing: /home/noetic-sierra/ros2_ws/install/turtlesim/include/turtlesim/turtlesim/srv/teleport_absolute.h
[25.163s] -- Installing: /home/noetic-sierra/ros2_ws/install/turtlesim/include/turtlesim/turtlesim/srv/set_pen.h
[25.163s] -- Installing: /home/noetic-sierra/ros2_ws/install/turtlesim/include/turtlesim/turtlesim/msg
[25.163s] -- Installing: /home/noetic-sierra/ros2_ws/install/turtlesim/include/turtlesim/turtlesim/msg/detail
[25.163s] -- Installing: /home/noetic-sierra/ros2_ws/install/turtlesim/include/turtlesim/turtlesim/msg/detail/color__functions.c
[25.163s] -- Installing: /home/noetic-sierra/ros2_ws/install/turtlesim/include/turtlesim/turtlesim/msg/detail/color__type_support.h
[25.163s] -- Installing: /home/noetic-sierra/ros2_ws/install/turtlesim/include/turtlesim/turtlesim/msg/detail/pose__functions.h
[25.163s] -- Installing: /home/noetic-sierra/ros2_ws/install/turtlesim/include/turtlesim/turtlesim/msg/detail/color__struct.h
[25.164s] -- Installing: /home/noetic-sierra/ros2_ws/install/turtlesim/include/turtlesim/turtlesim/msg/detail/pose__type_support.h
[25.164s] -- Installing: /home/noetic-sierra/ros2_ws/install/turtlesim/include/turtlesim/turtlesim/msg/detail/pose__struct.h
[25.164s] -- Installing: /home/noetic-sierra/ros2_ws/install/turtlesim/include/turtlesim/turtlesim/msg/detail/pose__functions.c
[25.164s] -- Installing: /home/noetic-sierra/ros2_ws/install/turtlesim/include/turtlesim/turtlesim/msg/detail/color__functions.h
[25.164s] -- Installing: /home/noetic-sierra/ros2_ws/install/turtlesim/include/turtlesim/turtlesim/msg/rosidl_generator_c__visibility_control.h
[25.164s] -- Installing: /home/noetic-sierra/ros2_ws/install/turtlesim/include/turtlesim/turtlesim/msg/color.h
[25.164s] -- Installing: /home/noetic-sierra/ros2_ws/install/turtlesim/include/turtlesim/turtlesim/msg/pose.h
[25.164s] -- Installing: /home/noetic-sierra/ros2_ws/install/turtlesim/include/turtlesim/turtlesim/action
[25.164s] -- Installing: /home/noetic-sierra/ros2_ws/install/turtlesim/include/turtlesim/turtlesim/action/detail
[25.164s] -- Installing: /home/noetic-sierra/ros2_ws/install/turtlesim/include/turtlesim/turtlesim/action/detail/rotate_absolute__type_support.h
[25.164s] -- Installing: /home/noetic-sierra/ros2_ws/install/turtlesim/include/turtlesim/turtlesim/action/detail/rotate_absolute__functions.c
[25.164s] -- Installing: /home/noetic-sierra/ros2_ws/install/turtlesim/include/turtlesim/turtlesim/action/detail/rotate_absolute__functions.h
[25.164s] -- Installing: /home/noetic-sierra/ros2_ws/install/turtlesim/include/turtlesim/turtlesim/action/detail/rotate_absolute__struct.h
[25.164s] -- Installing: /home/noetic-sierra/ros2_ws/install/turtlesim/include/turtlesim/turtlesim/action/rotate_absolute.h
[25.165s] -- Installing: /home/noetic-sierra/ros2_ws/install/turtlesim/share/turtlesim/environment/library_path.sh
[25.165s] -- Installing: /home/noetic-sierra/ros2_ws/install/turtlesim/share/turtlesim/environment/library_path.dsv
[25.165s] -- Installing: /home/noetic-sierra/ros2_ws/install/turtlesim/lib/libturtlesim__rosidl_generator_c.so
[25.165s] -- Set runtime path of "/home/noetic-sierra/ros2_ws/install/turtlesim/lib/libturtlesim__rosidl_generator_c.so" to ""
[25.165s] -- Up-to-date: /home/noetic-sierra/ros2_ws/install/turtlesim/include/turtlesim/turtlesim
[25.165s] -- Up-to-date: /home/noetic-sierra/ros2_ws/install/turtlesim/include/turtlesim/turtlesim/srv
[25.165s] -- Up-to-date: /home/noetic-sierra/ros2_ws/install/turtlesim/include/turtlesim/turtlesim/srv/detail
[25.165s] -- Installing: /home/noetic-sierra/ros2_ws/install/turtlesim/include/turtlesim/turtlesim/srv/detail/kill__rosidl_typesupport_fastrtps_c.h
[25.165s] -- Installing: /home/noetic-sierra/ros2_ws/install/turtlesim/include/turtlesim/turtlesim/srv/detail/set_pen__rosidl_typesupport_fastrtps_c.h
[25.165s] -- Installing: /home/noetic-sierra/ros2_ws/install/turtlesim/include/turtlesim/turtlesim/srv/detail/teleport_absolute__rosidl_typesupport_fastrtps_c.h
[25.165s] -- Installing: /home/noetic-sierra/ros2_ws/install/turtlesim/include/turtlesim/turtlesim/srv/detail/teleport_relative__rosidl_typesupport_fastrtps_c.h
[25.165s] -- Installing: /home/noetic-sierra/ros2_ws/install/turtlesim/include/turtlesim/turtlesim/srv/detail/spawn__rosidl_typesupport_fastrtps_c.h
[25.165s] -- Up-to-date: /home/noetic-sierra/ros2_ws/install/turtlesim/include/turtlesim/turtlesim/msg
[25.166s] -- Up-to-date: /home/noetic-sierra/ros2_ws/install/turtlesim/include/turtlesim/turtlesim/msg/detail
[25.166s] -- Installing: /home/noetic-sierra/ros2_ws/install/turtlesim/include/turtlesim/turtlesim/msg/detail/color__rosidl_typesupport_fastrtps_c.h
[25.166s] -- Installing: /home/noetic-sierra/ros2_ws/install/turtlesim/include/turtlesim/turtlesim/msg/detail/pose__rosidl_typesupport_fastrtps_c.h
[25.166s] -- Installing: /home/noetic-sierra/ros2_ws/install/turtlesim/include/turtlesim/turtlesim/msg/rosidl_typesupport_fastrtps_c__visibility_control.h
[25.166s] -- Up-to-date: /home/noetic-sierra/ros2_ws/install/turtlesim/include/turtlesim/turtlesim/action
[25.166s] -- Up-to-date: /home/noetic-sierra/ros2_ws/install/turtlesim/include/turtlesim/turtlesim/action/detail
[25.166s] -- Installing: /home/noetic-sierra/ros2_ws/install/turtlesim/include/turtlesim/turtlesim/action/detail/rotate_absolute__rosidl_typesupport_fastrtps_c.h
[25.166s] -- Installing: /home/noetic-sierra/ros2_ws/install/turtlesim/lib/libturtlesim__rosidl_typesupport_fastrtps_c.so
[25.166s] -- Set runtime path of "/home/noetic-sierra/ros2_ws/install/turtlesim/lib/libturtlesim__rosidl_typesupport_fastrtps_c.so" to ""
[25.166s] -- Up-to-date: /home/noetic-sierra/ros2_ws/install/turtlesim/include/turtlesim/turtlesim
[25.166s] -- Up-to-date: /home/noetic-sierra/ros2_ws/install/turtlesim/include/turtlesim/turtlesim/srv
[25.166s] -- Up-to-date: /home/noetic-sierra/ros2_ws/install/turtlesim/include/turtlesim/turtlesim/srv/detail
[25.167s] -- Installing: /home/noetic-sierra/ros2_ws/install/turtlesim/include/turtlesim/turtlesim/srv/detail/teleport_relative__traits.hpp
[25.167s] -- Installing: /home/noetic-sierra/ros2_ws/install/turtlesim/include/turtlesim/turtlesim/srv/detail/teleport_absolute__traits.hpp
[25.167s] -- Installing: /home/noetic-sierra/ros2_ws/install/turtlesim/include/turtlesim/turtlesim/srv/detail/kill__traits.hpp
[25.167s] -- Installing: /home/noetic-sierra/ros2_ws/install/turtlesim/include/turtlesim/turtlesim/srv/detail/kill__struct.hpp
[25.167s] -- Installing: /home/noetic-sierra/ros2_ws/install/turtlesim/include/turtlesim/turtlesim/srv/detail/teleport_absolute__struct.hpp
[25.167s] -- Installing: /home/noetic-sierra/ros2_ws/install/turtlesim/include/turtlesim/turtlesim/srv/detail/set_pen__builder.hpp
[25.167s] -- Installing: /home/noetic-sierra/ros2_ws/install/turtlesim/include/turtlesim/turtlesim/srv/detail/set_pen__traits.hpp
[25.167s] -- Installing: /home/noetic-sierra/ros2_ws/install/turtlesim/include/turtlesim/turtlesim/srv/detail/kill__builder.hpp
[25.167s] -- Installing: /home/noetic-sierra/ros2_ws/install/turtlesim/include/turtlesim/turtlesim/srv/detail/spawn__traits.hpp
[25.167s] -- Installing: /home/noetic-sierra/ros2_ws/install/turtlesim/include/turtlesim/turtlesim/srv/detail/spawn__builder.hpp
[25.167s] -- Installing: /home/noetic-sierra/ros2_ws/install/turtlesim/include/turtlesim/turtlesim/srv/detail/teleport_relative__struct.hpp
[25.167s] -- Installing: /home/noetic-sierra/ros2_ws/install/turtlesim/include/turtlesim/turtlesim/srv/detail/spawn__struct.hpp
[25.167s] -- Installing: /home/noetic-sierra/ros2_ws/install/turtlesim/include/turtlesim/turtlesim/srv/detail/teleport_relative__builder.hpp
[25.167s] -- Installing: /home/noetic-sierra/ros2_ws/install/turtlesim/include/turtlesim/turtlesim/srv/detail/teleport_absolute__builder.hpp
[25.167s] -- Installing: /home/noetic-sierra/ros2_ws/install/turtlesim/include/turtlesim/turtlesim/srv/detail/set_pen__struct.hpp
[25.168s] -- Installing: /home/noetic-sierra/ros2_ws/install/turtlesim/include/turtlesim/turtlesim/srv/spawn.hpp
[25.168s] -- Installing: /home/noetic-sierra/ros2_ws/install/turtlesim/include/turtlesim/turtlesim/srv/teleport_absolute.hpp
[25.168s] -- Installing: /home/noetic-sierra/ros2_ws/install/turtlesim/include/turtlesim/turtlesim/srv/kill.hpp
[25.168s] -- Installing: /home/noetic-sierra/ros2_ws/install/turtlesim/include/turtlesim/turtlesim/srv/teleport_relative.hpp
[25.168s] -- Installing: /home/noetic-sierra/ros2_ws/install/turtlesim/include/turtlesim/turtlesim/srv/set_pen.hpp
[25.168s] -- Up-to-date: /home/noetic-sierra/ros2_ws/install/turtlesim/include/turtlesim/turtlesim/msg
[25.168s] -- Up-to-date: /home/noetic-sierra/ros2_ws/install/turtlesim/include/turtlesim/turtlesim/msg/detail
[25.168s] -- Installing: /home/noetic-sierra/ros2_ws/install/turtlesim/include/turtlesim/turtlesim/msg/detail/color__struct.hpp
[25.168s] -- Installing: /home/noetic-sierra/ros2_ws/install/turtlesim/include/turtlesim/turtlesim/msg/detail/color__builder.hpp
[25.168s] -- Installing: /home/noetic-sierra/ros2_ws/install/turtlesim/include/turtlesim/turtlesim/msg/detail/color__traits.hpp
[25.168s] -- Installing: /home/noetic-sierra/ros2_ws/install/turtlesim/include/turtlesim/turtlesim/msg/detail/pose__struct.hpp
[25.168s] -- Installing: /home/noetic-sierra/ros2_ws/install/turtlesim/include/turtlesim/turtlesim/msg/detail/pose__builder.hpp
[25.168s] -- Installing: /home/noetic-sierra/ros2_ws/install/turtlesim/include/turtlesim/turtlesim/msg/detail/pose__traits.hpp
[25.168s] -- Installing: /home/noetic-sierra/ros2_ws/install/turtlesim/include/turtlesim/turtlesim/msg/color.hpp
[25.169s] -- Installing: /home/noetic-sierra/ros2_ws/install/turtlesim/include/turtlesim/turtlesim/msg/pose.hpp
[25.169s] -- Up-to-date: /home/noetic-sierra/ros2_ws/install/turtlesim/include/turtlesim/turtlesim/action
[25.169s] -- Up-to-date: /home/noetic-sierra/ros2_ws/install/turtlesim/include/turtlesim/turtlesim/action/detail
[25.169s] -- Installing: /home/noetic-sierra/ros2_ws/install/turtlesim/include/turtlesim/turtlesim/action/detail/rotate_absolute__traits.hpp
[25.169s] -- Installing: /home/noetic-sierra/ros2_ws/install/turtlesim/include/turtlesim/turtlesim/action/detail/rotate_absolute__struct.hpp
[25.169s] -- Installing: /home/noetic-sierra/ros2_ws/install/turtlesim/include/turtlesim/turtlesim/action/detail/rotate_absolute__builder.hpp
[25.169s] -- Installing: /home/noetic-sierra/ros2_ws/install/turtlesim/include/turtlesim/turtlesim/action/rotate_absolute.hpp
[25.169s] -- Up-to-date: /home/noetic-sierra/ros2_ws/install/turtlesim/include/turtlesim/turtlesim
[25.169s] -- Up-to-date: /home/noetic-sierra/ros2_ws/install/turtlesim/include/turtlesim/turtlesim/srv
[25.169s] -- Up-to-date: /home/noetic-sierra/ros2_ws/install/turtlesim/include/turtlesim/turtlesim/srv/detail
[25.169s] -- Installing: /home/noetic-sierra/ros2_ws/install/turtlesim/include/turtlesim/turtlesim/srv/detail/teleport_absolute__rosidl_typesupport_fastrtps_cpp.hpp
[25.169s] -- Installing: /home/noetic-sierra/ros2_ws/install/turtlesim/include/turtlesim/turtlesim/srv/detail/kill__rosidl_typesupport_fastrtps_cpp.hpp
[25.169s] -- Installing: /home/noetic-sierra/ros2_ws/install/turtlesim/include/turtlesim/turtlesim/srv/detail/dds_fastrtps
[25.169s] -- Installing: /home/noetic-sierra/ros2_ws/install/turtlesim/include/turtlesim/turtlesim/srv/detail/set_pen__rosidl_typesupport_fastrtps_cpp.hpp
[25.169s] -- Installing: /home/noetic-sierra/ros2_ws/install/turtlesim/include/turtlesim/turtlesim/srv/detail/spawn__rosidl_typesupport_fastrtps_cpp.hpp
[25.169s] -- Installing: /home/noetic-sierra/ros2_ws/install/turtlesim/include/turtlesim/turtlesim/srv/detail/teleport_relative__rosidl_typesupport_fastrtps_cpp.hpp
[25.170s] -- Up-to-date: /home/noetic-sierra/ros2_ws/install/turtlesim/include/turtlesim/turtlesim/msg
[25.170s] -- Up-to-date: /home/noetic-sierra/ros2_ws/install/turtlesim/include/turtlesim/turtlesim/msg/detail
[25.170s] -- Installing: /home/noetic-sierra/ros2_ws/install/turtlesim/include/turtlesim/turtlesim/msg/detail/color__rosidl_typesupport_fastrtps_cpp.hpp
[25.170s] -- Installing: /home/noetic-sierra/ros2_ws/install/turtlesim/include/turtlesim/turtlesim/msg/detail/dds_fastrtps
[25.170s] -- Installing: /home/noetic-sierra/ros2_ws/install/turtlesim/include/turtlesim/turtlesim/msg/detail/pose__rosidl_typesupport_fastrtps_cpp.hpp
[25.170s] -- Installing: /home/noetic-sierra/ros2_ws/install/turtlesim/include/turtlesim/turtlesim/msg/rosidl_typesupport_fastrtps_cpp__visibility_control.h
[25.170s] -- Up-to-date: /home/noetic-sierra/ros2_ws/install/turtlesim/include/turtlesim/turtlesim/action
[25.170s] -- Up-to-date: /home/noetic-sierra/ros2_ws/install/turtlesim/include/turtlesim/turtlesim/action/detail
[25.170s] -- Installing: /home/noetic-sierra/ros2_ws/install/turtlesim/include/turtlesim/turtlesim/action/detail/dds_fastrtps
[25.170s] -- Installing: /home/noetic-sierra/ros2_ws/install/turtlesim/include/turtlesim/turtlesim/action/detail/rotate_absolute__rosidl_typesupport_fastrtps_cpp.hpp
[25.170s] -- Installing: /home/noetic-sierra/ros2_ws/install/turtlesim/lib/libturtlesim__rosidl_typesupport_fastrtps_cpp.so
[25.170s] -- Set runtime path of "/home/noetic-sierra/ros2_ws/install/turtlesim/lib/libturtlesim__rosidl_typesupport_fastrtps_cpp.so" to ""
[25.170s] -- Up-to-date: /home/noetic-sierra/ros2_ws/install/turtlesim/include/turtlesim/turtlesim
[25.171s] -- Up-to-date: /home/noetic-sierra/ros2_ws/install/turtlesim/include/turtlesim/turtlesim/srv
[25.171s] -- Up-to-date: /home/noetic-sierra/ros2_ws/install/turtlesim/include/turtlesim/turtlesim/srv/detail
[25.171s] -- Installing: /home/noetic-sierra/ros2_ws/install/turtlesim/include/turtlesim/turtlesim/srv/detail/set_pen__rosidl_typesupport_introspection_c.h
[25.171s] -- Installing: /home/noetic-sierra/ros2_ws/install/turtlesim/include/turtlesim/turtlesim/srv/detail/teleport_absolute__type_support.c
[25.171s] -- Installing: /home/noetic-sierra/ros2_ws/install/turtlesim/include/turtlesim/turtlesim/srv/detail/spawn__type_support.c
[25.171s] -- Installing: /home/noetic-sierra/ros2_ws/install/turtlesim/include/turtlesim/turtlesim/srv/detail/teleport_relative__rosidl_typesupport_introspection_c.h
[25.171s] -- Installing: /home/noetic-sierra/ros2_ws/install/turtlesim/include/turtlesim/turtlesim/srv/detail/set_pen__type_support.c
[25.171s] -- Installing: /home/noetic-sierra/ros2_ws/install/turtlesim/include/turtlesim/turtlesim/srv/detail/teleport_relative__type_support.c
[25.171s] -- Installing: /home/noetic-sierra/ros2_ws/install/turtlesim/include/turtlesim/turtlesim/srv/detail/kill__rosidl_typesupport_introspection_c.h
[25.171s] -- Installing: /home/noetic-sierra/ros2_ws/install/turtlesim/include/turtlesim/turtlesim/srv/detail/kill__type_support.c
[25.171s] -- Installing: /home/noetic-sierra/ros2_ws/install/turtlesim/include/turtlesim/turtlesim/srv/detail/spawn__rosidl_typesupport_introspection_c.h
[25.171s] -- Installing: /home/noetic-sierra/ros2_ws/install/turtlesim/include/turtlesim/turtlesim/srv/detail/teleport_absolute__rosidl_typesupport_introspection_c.h
[25.171s] -- Up-to-date: /home/noetic-sierra/ros2_ws/install/turtlesim/include/turtlesim/turtlesim/msg
[25.171s] -- Up-to-date: /home/noetic-sierra/ros2_ws/install/turtlesim/include/turtlesim/turtlesim/msg/detail
[25.172s] -- Installing: /home/noetic-sierra/ros2_ws/install/turtlesim/include/turtlesim/turtlesim/msg/detail/pose__type_support.c
[25.172s] -- Installing: /home/noetic-sierra/ros2_ws/install/turtlesim/include/turtlesim/turtlesim/msg/detail/color__type_support.c
[25.172s] -- Installing: /home/noetic-sierra/ros2_ws/install/turtlesim/include/turtlesim/turtlesim/msg/detail/color__rosidl_typesupport_introspection_c.h
[25.172s] -- Installing: /home/noetic-sierra/ros2_ws/install/turtlesim/include/turtlesim/turtlesim/msg/detail/pose__rosidl_typesupport_introspection_c.h
[25.172s] -- Installing: /home/noetic-sierra/ros2_ws/install/turtlesim/include/turtlesim/turtlesim/msg/rosidl_typesupport_introspection_c__visibility_control.h
[25.172s] -- Up-to-date: /home/noetic-sierra/ros2_ws/install/turtlesim/include/turtlesim/turtlesim/action
[25.172s] -- Up-to-date: /home/noetic-sierra/ros2_ws/install/turtlesim/include/turtlesim/turtlesim/action/detail
[25.172s] -- Installing: /home/noetic-sierra/ros2_ws/install/turtlesim/include/turtlesim/turtlesim/action/detail/rotate_absolute__rosidl_typesupport_introspection_c.h
[25.172s] -- Installing: /home/noetic-sierra/ros2_ws/install/turtlesim/include/turtlesim/turtlesim/action/detail/rotate_absolute__type_support.c
[25.172s] -- Installing: /home/noetic-sierra/ros2_ws/install/turtlesim/lib/libturtlesim__rosidl_typesupport_introspection_c.so
[25.172s] -- Set runtime path of "/home/noetic-sierra/ros2_ws/install/turtlesim/lib/libturtlesim__rosidl_typesupport_introspection_c.so" to ""
[25.172s] -- Installing: /home/noetic-sierra/ros2_ws/install/turtlesim/lib/libturtlesim__rosidl_typesupport_c.so
[25.172s] -- Set runtime path of "/home/noetic-sierra/ros2_ws/install/turtlesim/lib/libturtlesim__rosidl_typesupport_c.so" to ""
[25.172s] -- Up-to-date: /home/noetic-sierra/ros2_ws/install/turtlesim/include/turtlesim/turtlesim
[25.172s] -- Up-to-date: /home/noetic-sierra/ros2_ws/install/turtlesim/include/turtlesim/turtlesim/srv
[25.173s] -- Up-to-date: /home/noetic-sierra/ros2_ws/install/turtlesim/include/turtlesim/turtlesim/srv/detail
[25.173s] -- Installing: /home/noetic-sierra/ros2_ws/install/turtlesim/include/turtlesim/turtlesim/srv/detail/teleport_relative__rosidl_typesupport_introspection_cpp.hpp
[25.173s] -- Installing: /home/noetic-sierra/ros2_ws/install/turtlesim/include/turtlesim/turtlesim/srv/detail/kill__rosidl_typesupport_introspection_cpp.hpp
[25.173s] -- Installing: /home/noetic-sierra/ros2_ws/install/turtlesim/include/turtlesim/turtlesim/srv/detail/teleport_absolute__rosidl_typesupport_introspection_cpp.hpp
[25.173s] -- Installing: /home/noetic-sierra/ros2_ws/install/turtlesim/include/turtlesim/turtlesim/srv/detail/spawn__rosidl_typesupport_introspection_cpp.hpp
[25.173s] -- Installing: /home/noetic-sierra/ros2_ws/install/turtlesim/include/turtlesim/turtlesim/srv/detail/teleport_absolute__type_support.cpp
[25.173s] -- Installing: /home/noetic-sierra/ros2_ws/install/turtlesim/include/turtlesim/turtlesim/srv/detail/set_pen__rosidl_typesupport_introspection_cpp.hpp
[25.173s] -- Installing: /home/noetic-sierra/ros2_ws/install/turtlesim/include/turtlesim/turtlesim/srv/detail/set_pen__type_support.cpp
[25.173s] -- Installing: /home/noetic-sierra/ros2_ws/install/turtlesim/include/turtlesim/turtlesim/srv/detail/teleport_relative__type_support.cpp
[25.173s] -- Installing: /home/noetic-sierra/ros2_ws/install/turtlesim/include/turtlesim/turtlesim/srv/detail/spawn__type_support.cpp
[25.173s] -- Installing: /home/noetic-sierra/ros2_ws/install/turtlesim/include/turtlesim/turtlesim/srv/detail/kill__type_support.cpp
[25.173s] -- Up-to-date: /home/noetic-sierra/ros2_ws/install/turtlesim/include/turtlesim/turtlesim/msg
[25.173s] -- Up-to-date: /home/noetic-sierra/ros2_ws/install/turtlesim/include/turtlesim/turtlesim/msg/detail
[25.173s] -- Installing: /home/noetic-sierra/ros2_ws/install/turtlesim/include/turtlesim/turtlesim/msg/detail/pose__rosidl_typesupport_introspection_cpp.hpp
[25.173s] -- Installing: /home/noetic-sierra/ros2_ws/install/turtlesim/include/turtlesim/turtlesim/msg/detail/pose__type_support.cpp
[25.174s] -- Installing: /home/noetic-sierra/ros2_ws/install/turtlesim/include/turtlesim/turtlesim/msg/detail/color__type_support.cpp
[25.174s] -- Installing: /home/noetic-sierra/ros2_ws/install/turtlesim/include/turtlesim/turtlesim/msg/detail/color__rosidl_typesupport_introspection_cpp.hpp
[25.174s] -- Up-to-date: /home/noetic-sierra/ros2_ws/install/turtlesim/include/turtlesim/turtlesim/action
[25.174s] -- Up-to-date: /home/noetic-sierra/ros2_ws/install/turtlesim/include/turtlesim/turtlesim/action/detail
[25.174s] -- Installing: /home/noetic-sierra/ros2_ws/install/turtlesim/include/turtlesim/turtlesim/action/detail/rotate_absolute__rosidl_typesupport_introspection_cpp.hpp
[25.174s] -- Installing: /home/noetic-sierra/ros2_ws/install/turtlesim/include/turtlesim/turtlesim/action/detail/rotate_absolute__type_support.cpp
[25.174s] -- Installing: /home/noetic-sierra/ros2_ws/install/turtlesim/lib/libturtlesim__rosidl_typesupport_introspection_cpp.so
[25.174s] -- Set runtime path of "/home/noetic-sierra/ros2_ws/install/turtlesim/lib/libturtlesim__rosidl_typesupport_introspection_cpp.so" to ""
[25.174s] -- Installing: /home/noetic-sierra/ros2_ws/install/turtlesim/lib/libturtlesim__rosidl_typesupport_cpp.so
[25.174s] -- Set runtime path of "/home/noetic-sierra/ros2_ws/install/turtlesim/lib/libturtlesim__rosidl_typesupport_cpp.so" to ""
[25.174s] -- Installing: /home/noetic-sierra/ros2_ws/install/turtlesim/share/turtlesim/environment/pythonpath.sh
[25.174s] -- Installing: /home/noetic-sierra/ros2_ws/install/turtlesim/share/turtlesim/environment/pythonpath.dsv
[25.174s] -- Installing: /home/noetic-sierra/ros2_ws/install/turtlesim/local/lib/python3.10/dist-packages/turtlesim-1.4.2-py3.10.egg-info
[25.175s] -- Installing: /home/noetic-sierra/ros2_ws/install/turtlesim/local/lib/python3.10/dist-packages/turtlesim-1.4.2-py3.10.egg-info/SOURCES.txt
[25.175s] -- Installing: /home/noetic-sierra/ros2_ws/install/turtlesim/local/lib/python3.10/dist-packages/turtlesim-1.4.2-py3.10.egg-info/PKG-INFO
[25.175s] -- Installing: /home/noetic-sierra/ros2_ws/install/turtlesim/local/lib/python3.10/dist-packages/turtlesim-1.4.2-py3.10.egg-info/top_level.txt
[25.175s] -- Installing: /home/noetic-sierra/ros2_ws/install/turtlesim/local/lib/python3.10/dist-packages/turtlesim-1.4.2-py3.10.egg-info/dependency_links.txt
[25.175s] -- Installing: /home/noetic-sierra/ros2_ws/install/turtlesim/local/lib/python3.10/dist-packages/turtlesim
[25.175s] -- Installing: /home/noetic-sierra/ros2_ws/install/turtlesim/local/lib/python3.10/dist-packages/turtlesim/libturtlesim__rosidl_generator_py.so
[25.175s] -- Installing: /home/noetic-sierra/ros2_ws/install/turtlesim/local/lib/python3.10/dist-packages/turtlesim/srv
[25.175s] -- Installing: /home/noetic-sierra/ros2_ws/install/turtlesim/local/lib/python3.10/dist-packages/turtlesim/srv/_spawn.py
[25.175s] -- Installing: /home/noetic-sierra/ros2_ws/install/turtlesim/local/lib/python3.10/dist-packages/turtlesim/srv/_kill.py
[25.175s] -- Installing: /home/noetic-sierra/ros2_ws/install/turtlesim/local/lib/python3.10/dist-packages/turtlesim/srv/_set_pen_s.c
[25.175s] -- Installing: /home/noetic-sierra/ros2_ws/install/turtlesim/local/lib/python3.10/dist-packages/turtlesim/srv/_teleport_relative.py
[25.175s] -- Installing: /home/noetic-sierra/ros2_ws/install/turtlesim/local/lib/python3.10/dist-packages/turtlesim/srv/_spawn_s.c
[25.175s] -- Installing: /home/noetic-sierra/ros2_ws/install/turtlesim/local/lib/python3.10/dist-packages/turtlesim/srv/_kill_s.c
[25.175s] -- Installing: /home/noetic-sierra/ros2_ws/install/turtlesim/local/lib/python3.10/dist-packages/turtlesim/srv/__init__.py
[25.175s] -- Installing: /home/noetic-sierra/ros2_ws/install/turtlesim/local/lib/python3.10/dist-packages/turtlesim/srv/_teleport_relative_s.c
[25.175s] -- Installing: /home/noetic-sierra/ros2_ws/install/turtlesim/local/lib/python3.10/dist-packages/turtlesim/srv/_set_pen.py
[25.176s] -- Installing: /home/noetic-sierra/ros2_ws/install/turtlesim/local/lib/python3.10/dist-packages/turtlesim/srv/_teleport_absolute_s.c
[25.176s] -- Installing: /home/noetic-sierra/ros2_ws/install/turtlesim/local/lib/python3.10/dist-packages/turtlesim/srv/_teleport_absolute.py
[25.176s] -- Installing: /home/noetic-sierra/ros2_ws/install/turtlesim/local/lib/python3.10/dist-packages/turtlesim/_turtlesim_s.ep.rosidl_typesupport_introspection_c.c
[25.176s] -- Installing: /home/noetic-sierra/ros2_ws/install/turtlesim/local/lib/python3.10/dist-packages/turtlesim/_turtlesim_s.ep.rosidl_typesupport_fastrtps_c.c
[25.176s] -- Installing: /home/noetic-sierra/ros2_ws/install/turtlesim/local/lib/python3.10/dist-packages/turtlesim/_turtlesim_s.ep.rosidl_typesupport_c.c
[25.176s] -- Installing: /home/noetic-sierra/ros2_ws/install/turtlesim/local/lib/python3.10/dist-packages/turtlesim/turtlesim_s__rosidl_typesupport_introspection_c.cpython-310-x86_64-linux-gnu.so
[25.176s] -- Installing: /home/noetic-sierra/ros2_ws/install/turtlesim/local/lib/python3.10/dist-packages/turtlesim/__init__.py
[25.176s] -- Installing: /home/noetic-sierra/ros2_ws/install/turtlesim/local/lib/python3.10/dist-packages/turtlesim/msg
[25.176s] -- Installing: /home/noetic-sierra/ros2_ws/install/turtlesim/local/lib/python3.10/dist-packages/turtlesim/msg/_pose_s.c
[25.176s] -- Installing: /home/noetic-sierra/ros2_ws/install/turtlesim/local/lib/python3.10/dist-packages/turtlesim/msg/_color.py
[25.176s] -- Installing: /home/noetic-sierra/ros2_ws/install/turtlesim/local/lib/python3.10/dist-packages/turtlesim/msg/_color_s.c
[25.176s] -- Installing: /home/noetic-sierra/ros2_ws/install/turtlesim/local/lib/python3.10/dist-packages/turtlesim/msg/_pose.py
[25.176s] -- Installing: /home/noetic-sierra/ros2_ws/install/turtlesim/local/lib/python3.10/dist-packages/turtlesim/msg/__init__.py
[25.176s] -- Installing: /home/noetic-sierra/ros2_ws/install/turtlesim/local/lib/python3.10/dist-packages/turtlesim/action
[25.176s] -- Installing: /home/noetic-sierra/ros2_ws/install/turtlesim/local/lib/python3.10/dist-packages/turtlesim/action/_rotate_absolute_s.c
[25.176s] -- Installing: /home/noetic-sierra/ros2_ws/install/turtlesim/local/lib/python3.10/dist-packages/turtlesim/action/__init__.py
[25.176s] -- Installing: /home/noetic-sierra/ros2_ws/install/turtlesim/local/lib/python3.10/dist-packages/turtlesim/action/_rotate_absolute.py
[25.176s] -- Installing: /home/noetic-sierra/ros2_ws/install/turtlesim/local/lib/python3.10/dist-packages/turtlesim/turtlesim_s__rosidl_typesupport_fastrtps_c.cpython-310-x86_64-linux-gnu.so
[25.177s] -- Installing: /home/noetic-sierra/ros2_ws/install/turtlesim/local/lib/python3.10/dist-packages/turtlesim/turtlesim_s__rosidl_typesupport_c.cpython-310-x86_64-linux-gnu.so
[25.221s] Listing '/home/noetic-sierra/ros2_ws/install/turtlesim/local/lib/python3.10/dist-packages/turtlesim'...
[25.221s] Compiling '/home/noetic-sierra/ros2_ws/install/turtlesim/local/lib/python3.10/dist-packages/turtlesim/__init__.py'...
[25.221s] Listing '/home/noetic-sierra/ros2_ws/install/turtlesim/local/lib/python3.10/dist-packages/turtlesim/action'...
[25.221s] Compiling '/home/noetic-sierra/ros2_ws/install/turtlesim/local/lib/python3.10/dist-packages/turtlesim/action/__init__.py'...
[25.221s] Compiling '/home/noetic-sierra/ros2_ws/install/turtlesim/local/lib/python3.10/dist-packages/turtlesim/action/_rotate_absolute.py'...
[25.221s] Listing '/home/noetic-sierra/ros2_ws/install/turtlesim/local/lib/python3.10/dist-packages/turtlesim/msg'...
[25.221s] Compiling '/home/noetic-sierra/ros2_ws/install/turtlesim/local/lib/python3.10/dist-packages/turtlesim/msg/__init__.py'...
[25.221s] Compiling '/home/noetic-sierra/ros2_ws/install/turtlesim/local/lib/python3.10/dist-packages/turtlesim/msg/_color.py'...
[25.221s] Compiling '/home/noetic-sierra/ros2_ws/install/turtlesim/local/lib/python3.10/dist-packages/turtlesim/msg/_pose.py'...
[25.221s] Listing '/home/noetic-sierra/ros2_ws/install/turtlesim/local/lib/python3.10/dist-packages/turtlesim/srv'...
[25.221s] Compiling '/home/noetic-sierra/ros2_ws/install/turtlesim/local/lib/python3.10/dist-packages/turtlesim/srv/__init__.py'...
[25.221s] Compiling '/home/noetic-sierra/ros2_ws/install/turtlesim/local/lib/python3.10/dist-packages/turtlesim/srv/_kill.py'...
[25.221s] Compiling '/home/noetic-sierra/ros2_ws/install/turtlesim/local/lib/python3.10/dist-packages/turtlesim/srv/_set_pen.py'...
[25.222s] Compiling '/home/noetic-sierra/ros2_ws/install/turtlesim/local/lib/python3.10/dist-packages/turtlesim/srv/_spawn.py'...
[25.222s] Compiling '/home/noetic-sierra/ros2_ws/install/turtlesim/local/lib/python3.10/dist-packages/turtlesim/srv/_teleport_absolute.py'...
[25.222s] Compiling '/home/noetic-sierra/ros2_ws/install/turtlesim/local/lib/python3.10/dist-packages/turtlesim/srv/_teleport_relative.py'...
[25.226s] -- Installing: /home/noetic-sierra/ros2_ws/install/turtlesim/local/lib/python3.10/dist-packages/turtlesim/turtlesim_s__rosidl_typesupport_fastrtps_c.cpython-310-x86_64-linux-gnu.so
[25.226s] -- Set runtime path of "/home/noetic-sierra/ros2_ws/install/turtlesim/local/lib/python3.10/dist-packages/turtlesim/turtlesim_s__rosidl_typesupport_fastrtps_c.cpython-310-x86_64-linux-gnu.so" to ""
[25.226s] -- Installing: /home/noetic-sierra/ros2_ws/install/turtlesim/local/lib/python3.10/dist-packages/turtlesim/turtlesim_s__rosidl_typesupport_introspection_c.cpython-310-x86_64-linux-gnu.so
[25.226s] -- Set runtime path of "/home/noetic-sierra/ros2_ws/install/turtlesim/local/lib/python3.10/dist-packages/turtlesim/turtlesim_s__rosidl_typesupport_introspection_c.cpython-310-x86_64-linux-gnu.so" to ""
[25.226s] -- Installing: /home/noetic-sierra/ros2_ws/install/turtlesim/local/lib/python3.10/dist-packages/turtlesim/turtlesim_s__rosidl_typesupport_c.cpython-310-x86_64-linux-gnu.so
[25.227s] -- Set runtime path of "/home/noetic-sierra/ros2_ws/install/turtlesim/local/lib/python3.10/dist-packages/turtlesim/turtlesim_s__rosidl_typesupport_c.cpython-310-x86_64-linux-gnu.so" to ""
[25.227s] -- Installing: /home/noetic-sierra/ros2_ws/install/turtlesim/lib/libturtlesim__rosidl_generator_py.so
[25.227s] -- Set runtime path of "/home/noetic-sierra/ros2_ws/install/turtlesim/lib/libturtlesim__rosidl_generator_py.so" to ""
[25.227s] -- Installing: /home/noetic-sierra/ros2_ws/install/turtlesim/share/turtlesim/action/RotateAbsolute.idl
[25.227s] -- Installing: /home/noetic-sierra/ros2_ws/install/turtlesim/share/turtlesim/msg/Color.idl
[25.227s] -- Installing: /home/noetic-sierra/ros2_ws/install/turtlesim/share/turtlesim/msg/Pose.idl
[25.227s] -- Installing: /home/noetic-sierra/ros2_ws/install/turtlesim/share/turtlesim/srv/Kill.idl
[25.227s] -- Installing: /home/noetic-sierra/ros2_ws/install/turtlesim/share/turtlesim/srv/SetPen.idl
[25.228s] -- Installing: /home/noetic-sierra/ros2_ws/install/turtlesim/share/turtlesim/srv/Spawn.idl
[25.228s] -- Installing: /home/noetic-sierra/ros2_ws/install/turtlesim/share/turtlesim/srv/TeleportAbsolute.idl
[25.228s] -- Installing: /home/noetic-sierra/ros2_ws/install/turtlesim/share/turtlesim/srv/TeleportRelative.idl
[25.228s] -- Installing: /home/noetic-sierra/ros2_ws/install/turtlesim/share/turtlesim/action/RotateAbsolute.action
[25.228s] -- Installing: /home/noetic-sierra/ros2_ws/install/turtlesim/share/turtlesim/msg/Color.msg
[25.228s] -- Installing: /home/noetic-sierra/ros2_ws/install/turtlesim/share/turtlesim/msg/Pose.msg
[25.228s] -- Installing: /home/noetic-sierra/ros2_ws/install/turtlesim/share/turtlesim/srv/Kill.srv
[25.228s] -- Installing: /home/noetic-sierra/ros2_ws/install/turtlesim/share/turtlesim/srv/Kill_Request.msg
[25.228s] -- Installing: /home/noetic-sierra/ros2_ws/install/turtlesim/share/turtlesim/srv/Kill_Response.msg
[25.228s] -- Installing: /home/noetic-sierra/ros2_ws/install/turtlesim/share/turtlesim/srv/SetPen.srv
[25.228s] -- Installing: /home/noetic-sierra/ros2_ws/install/turtlesim/share/turtlesim/srv/SetPen_Request.msg
[25.229s] -- Installing: /home/noetic-sierra/ros2_ws/install/turtlesim/share/turtlesim/srv/SetPen_Response.msg
[25.229s] -- Installing: /home/noetic-sierra/ros2_ws/install/turtlesim/share/turtlesim/srv/Spawn.srv
[25.229s] -- Installing: /home/noetic-sierra/ros2_ws/install/turtlesim/share/turtlesim/srv/Spawn_Request.msg
[25.229s] -- Installing: /home/noetic-sierra/ros2_ws/install/turtlesim/share/turtlesim/srv/Spawn_Response.msg
[25.229s] -- Installing: /home/noetic-sierra/ros2_ws/install/turtlesim/share/turtlesim/srv/TeleportAbsolute.srv
[25.229s] -- Installing: /home/noetic-sierra/ros2_ws/install/turtlesim/share/turtlesim/srv/TeleportAbsolute_Request.msg
[25.229s] -- Installing: /home/noetic-sierra/ros2_ws/install/turtlesim/share/turtlesim/srv/TeleportAbsolute_Response.msg
[25.229s] -- Installing: /home/noetic-sierra/ros2_ws/install/turtlesim/share/turtlesim/srv/TeleportRelative.srv
[25.229s] -- Installing: /home/noetic-sierra/ros2_ws/install/turtlesim/share/turtlesim/srv/TeleportRelative_Request.msg
[25.229s] -- Installing: /home/noetic-sierra/ros2_ws/install/turtlesim/share/turtlesim/srv/TeleportRelative_Response.msg
[25.229s] -- Installing: /home/noetic-sierra/ros2_ws/install/turtlesim/lib/turtlesim/turtlesim_node
[25.235s] -- Set runtime path of "/home/noetic-sierra/ros2_ws/install/turtlesim/lib/turtlesim/turtlesim_node" to ""
[25.235s] -- Installing: /home/noetic-sierra/ros2_ws/install/turtlesim/lib/turtlesim/turtle_teleop_key
[25.237s] -- Set runtime path of "/home/noetic-sierra/ros2_ws/install/turtlesim/lib/turtlesim/turtle_teleop_key" to ""
[25.237s] -- Installing: /home/noetic-sierra/ros2_ws/install/turtlesim/lib/turtlesim/draw_square
[25.239s] -- Set runtime path of "/home/noetic-sierra/ros2_ws/install/turtlesim/lib/turtlesim/draw_square" to ""
[25.239s] -- Installing: /home/noetic-sierra/ros2_ws/install/turtlesim/lib/turtlesim/mimic
[25.242s] -- Set runtime path of "/home/noetic-sierra/ros2_ws/install/turtlesim/lib/turtlesim/mimic" to ""
[25.242s] -- Installing: /home/noetic-sierra/ros2_ws/install/turtlesim/share/turtlesim/images
[25.242s] -- Installing: /home/noetic-sierra/ros2_ws/install/turtlesim/share/turtlesim/images/dashing.png
[25.242s] -- Installing: /home/noetic-sierra/ros2_ws/install/turtlesim/share/turtlesim/images/eloquent.png
[25.242s] -- Installing: /home/noetic-sierra/ros2_ws/install/turtlesim/share/turtlesim/images/foxy.png
[25.242s] -- Installing: /home/noetic-sierra/ros2_ws/install/turtlesim/share/turtlesim/images/ardent.png
[25.243s] -- Installing: /home/noetic-sierra/ros2_ws/install/turtlesim/share/turtlesim/images/humble.png
[25.243s] -- Installing: /home/noetic-sierra/ros2_ws/install/turtlesim/share/turtlesim/images/bouncy.png
[25.243s] -- Installing: /home/noetic-sierra/ros2_ws/install/turtlesim/share/turtlesim/images/galactic.png
[25.243s] -- Installing: /home/noetic-sierra/ros2_ws/install/turtlesim/share/turtlesim/images/crystal.png
[25.243s] -- Installing: /home/noetic-sierra/ros2_ws/install/turtlesim/share/turtlesim/images/rolling.png
[25.243s] -- Installing: /home/noetic-sierra/ros2_ws/install/turtlesim/share/turtlesim/launch
[25.243s] -- Installing: /home/noetic-sierra/ros2_ws/install/turtlesim/share/turtlesim/launch/multisim.launch.py
[25.243s] -- Installing: /home/noetic-sierra/ros2_ws/install/turtlesim/share/ament_index/resource_index/package_run_dependencies/turtlesim
[25.243s] -- Installing: /home/noetic-sierra/ros2_ws/install/turtlesim/share/ament_index/resource_index/parent_prefix_path/turtlesim
[25.243s] -- Installing: /home/noetic-sierra/ros2_ws/install/turtlesim/share/turtlesim/environment/ament_prefix_path.sh
[25.243s] -- Installing: /home/noetic-sierra/ros2_ws/install/turtlesim/share/turtlesim/environment/ament_prefix_path.dsv
[25.243s] -- Installing: /home/noetic-sierra/ros2_ws/install/turtlesim/share/turtlesim/environment/path.sh
[25.243s] -- Installing: /home/noetic-sierra/ros2_ws/install/turtlesim/share/turtlesim/environment/path.dsv
[25.243s] -- Installing: /home/noetic-sierra/ros2_ws/install/turtlesim/share/turtlesim/local_setup.bash
[25.244s] -- Installing: /home/noetic-sierra/ros2_ws/install/turtlesim/share/turtlesim/local_setup.sh
[25.244s] -- Installing: /home/noetic-sierra/ros2_ws/install/turtlesim/share/turtlesim/local_setup.zsh
[25.244s] -- Installing: /home/noetic-sierra/ros2_ws/install/turtlesim/share/turtlesim/local_setup.dsv
[25.244s] -- Installing: /home/noetic-sierra/ros2_ws/install/turtlesim/share/turtlesim/package.dsv
[25.244s] -- Installing: /home/noetic-sierra/ros2_ws/install/turtlesim/share/ament_index/resource_index/packages/turtlesim
[25.244s] -- Installing: /home/noetic-sierra/ros2_ws/install/turtlesim/share/turtlesim/cmake/export_turtlesim__rosidl_generator_cExport.cmake
[25.244s] -- Installing: /home/noetic-sierra/ros2_ws/install/turtlesim/share/turtlesim/cmake/export_turtlesim__rosidl_generator_cExport-noconfig.cmake
[25.244s] -- Installing: /home/noetic-sierra/ros2_ws/install/turtlesim/share/turtlesim/cmake/export_turtlesim__rosidl_typesupport_fastrtps_cExport.cmake
[25.244s] -- Installing: /home/noetic-sierra/ros2_ws/install/turtlesim/share/turtlesim/cmake/export_turtlesim__rosidl_typesupport_fastrtps_cExport-noconfig.cmake
[25.244s] -- Installing: /home/noetic-sierra/ros2_ws/install/turtlesim/share/turtlesim/cmake/export_turtlesim__rosidl_generator_cppExport.cmake
[25.244s] -- Installing: /home/noetic-sierra/ros2_ws/install/turtlesim/share/turtlesim/cmake/export_turtlesim__rosidl_typesupport_fastrtps_cppExport.cmake
[25.244s] -- Installing: /home/noetic-sierra/ros2_ws/install/turtlesim/share/turtlesim/cmake/export_turtlesim__rosidl_typesupport_fastrtps_cppExport-noconfig.cmake
[25.244s] -- Installing: /home/noetic-sierra/ros2_ws/install/turtlesim/share/turtlesim/cmake/turtlesim__rosidl_typesupport_introspection_cExport.cmake
[25.245s] -- Installing: /home/noetic-sierra/ros2_ws/install/turtlesim/share/turtlesim/cmake/turtlesim__rosidl_typesupport_introspection_cExport-noconfig.cmake
[25.245s] -- Installing: /home/noetic-sierra/ros2_ws/install/turtlesim/share/turtlesim/cmake/turtlesim__rosidl_typesupport_cExport.cmake
[25.245s] -- Installing: /home/noetic-sierra/ros2_ws/install/turtlesim/share/turtlesim/cmake/turtlesim__rosidl_typesupport_cExport-noconfig.cmake
[25.245s] -- Installing: /home/noetic-sierra/ros2_ws/install/turtlesim/share/turtlesim/cmake/turtlesim__rosidl_typesupport_introspection_cppExport.cmake
[25.245s] -- Installing: /home/noetic-sierra/ros2_ws/install/turtlesim/share/turtlesim/cmake/turtlesim__rosidl_typesupport_introspection_cppExport-noconfig.cmake
[25.245s] -- Installing: /home/noetic-sierra/ros2_ws/install/turtlesim/share/turtlesim/cmake/turtlesim__rosidl_typesupport_cppExport.cmake
[25.245s] -- Installing: /home/noetic-sierra/ros2_ws/install/turtlesim/share/turtlesim/cmake/turtlesim__rosidl_typesupport_cppExport-noconfig.cmake
[25.245s] -- Installing: /home/noetic-sierra/ros2_ws/install/turtlesim/share/turtlesim/cmake/export_turtlesim__rosidl_generator_pyExport.cmake
[25.245s] -- Installing: /home/noetic-sierra/ros2_ws/install/turtlesim/share/turtlesim/cmake/export_turtlesim__rosidl_generator_pyExport-noconfig.cmake
[25.245s] -- Installing: /home/noetic-sierra/ros2_ws/install/turtlesim/share/turtlesim/cmake/rosidl_cmake-extras.cmake
[25.245s] -- Installing: /home/noetic-sierra/ros2_ws/install/turtlesim/share/turtlesim/cmake/ament_cmake_export_dependencies-extras.cmake
[25.245s] -- Installing: /home/noetic-sierra/ros2_ws/install/turtlesim/share/turtlesim/cmake/ament_cmake_export_include_directories-extras.cmake
[25.246s] -- Installing: /home/noetic-sierra/ros2_ws/install/turtlesim/share/turtlesim/cmake/ament_cmake_export_libraries-extras.cmake
[25.246s] -- Installing: /home/noetic-sierra/ros2_ws/install/turtlesim/share/turtlesim/cmake/ament_cmake_export_targets-extras.cmake
[25.246s] -- Installing: /home/noetic-sierra/ros2_ws/install/turtlesim/share/turtlesim/cmake/rosidl_cmake_export_typesupport_targets-extras.cmake
[25.246s] -- Installing: /home/noetic-sierra/ros2_ws/install/turtlesim/share/turtlesim/cmake/rosidl_cmake_export_typesupport_libraries-extras.cmake
[25.246s] -- Installing: /home/noetic-sierra/ros2_ws/install/turtlesim/share/turtlesim/cmake/turtlesimConfig.cmake
[25.246s] -- Installing: /home/noetic-sierra/ros2_ws/install/turtlesim/share/turtlesim/cmake/turtlesimConfig-version.cmake
[25.246s] -- Installing: /home/noetic-sierra/ros2_ws/install/turtlesim/share/turtlesim/package.xml
[25.248s] Invoked command in '/home/noetic-sierra/ros2_ws/build/turtlesim' returned '0': CMAKE_PREFIX_PATH=/opt/ros/humble /usr/bin/cmake --install /home/noetic-sierra/ros2_ws/build/turtlesim
