[0.941s] Invoking command in '/home/noetic-sierra/ros2_ws/src/py_pubsub': PYTHONPATH=/home/noetic-sierra/ros2_ws/build/py_pubsub/prefix_override:/home/noetic-sierra/ros2_ws/install/py_pubsub/lib/python3.10/site-packages:${PYTHONPATH} /usr/bin/python3 setup.py egg_info --egg-base ../../build/py_pubsub build --build-base /home/noetic-sierra/ros2_ws/build/py_pubsub/build install --record /home/noetic-sierra/ros2_ws/build/py_pubsub/install.log --single-version-externally-managed
[1.173s] running egg_info
[1.173s] creating ../../build/py_pubsub/py_pubsub.egg-info
[1.173s] writing ../../build/py_pubsub/py_pubsub.egg-info/PKG-INFO
[1.174s] writing dependency_links to ../../build/py_pubsub/py_pubsub.egg-info/dependency_links.txt
[1.174s] writing entry points to ../../build/py_pubsub/py_pubsub.egg-info/entry_points.txt
[1.174s] writing requirements to ../../build/py_pubsub/py_pubsub.egg-info/requires.txt
[1.174s] writing top-level names to ../../build/py_pubsub/py_pubsub.egg-info/top_level.txt
[1.175s] writing manifest file '../../build/py_pubsub/py_pubsub.egg-info/SOURCES.txt'
[1.177s] reading manifest file '../../build/py_pubsub/py_pubsub.egg-info/SOURCES.txt'
[1.177s] writing manifest file '../../build/py_pubsub/py_pubsub.egg-info/SOURCES.txt'
[1.178s] running build
[1.178s] running build_py
[1.178s] creating /home/noetic-sierra/ros2_ws/build/py_pubsub/build
[1.178s] creating /home/noetic-sierra/ros2_ws/build/py_pubsub/build/lib
[1.178s] creating /home/noetic-sierra/ros2_ws/build/py_pubsub/build/lib/py_pubsub
[1.178s] copying py_pubsub/publisher_member_function.py -> /home/noetic-sierra/ros2_ws/build/py_pubsub/build/lib/py_pubsub
[1.178s] copying py_pubsub/__init__.py -> /home/noetic-sierra/ros2_ws/build/py_pubsub/build/lib/py_pubsub
[1.178s] copying py_pubsub/subscriber_member_function.py -> /home/noetic-sierra/ros2_ws/build/py_pubsub/build/lib/py_pubsub
[1.179s] running install
[1.180s] /usr/lib/python3/dist-packages/setuptools/command/install.py:34: SetuptoolsDeprecationWarning: setup.py install is deprecated. Use build and pip and other standards-based tools.
[1.180s]   warnings.warn(
[1.180s] running install_lib
[1.181s] creating /home/noetic-sierra/ros2_ws/install/py_pubsub/lib/python3.10/site-packages/py_pubsub
[1.181s] copying /home/noetic-sierra/ros2_ws/build/py_pubsub/build/lib/py_pubsub/publisher_member_function.py -> /home/noetic-sierra/ros2_ws/install/py_pubsub/lib/python3.10/site-packages/py_pubsub
[1.181s] copying /home/noetic-sierra/ros2_ws/build/py_pubsub/build/lib/py_pubsub/__init__.py -> /home/noetic-sierra/ros2_ws/install/py_pubsub/lib/python3.10/site-packages/py_pubsub
[1.181s] copying /home/noetic-sierra/ros2_ws/build/py_pubsub/build/lib/py_pubsub/subscriber_member_function.py -> /home/noetic-sierra/ros2_ws/install/py_pubsub/lib/python3.10/site-packages/py_pubsub
[1.181s] byte-compiling /home/noetic-sierra/ros2_ws/install/py_pubsub/lib/python3.10/site-packages/py_pubsub/publisher_member_function.py to publisher_member_function.cpython-310.pyc
[1.182s] byte-compiling /home/noetic-sierra/ros2_ws/install/py_pubsub/lib/python3.10/site-packages/py_pubsub/__init__.py to __init__.cpython-310.pyc
[1.182s] byte-compiling /home/noetic-sierra/ros2_ws/install/py_pubsub/lib/python3.10/site-packages/py_pubsub/subscriber_member_function.py to subscriber_member_function.cpython-310.pyc
[1.183s] running install_data
[1.183s] creating /home/noetic-sierra/ros2_ws/install/py_pubsub/share/ament_index
[1.183s] creating /home/noetic-sierra/ros2_ws/install/py_pubsub/share/ament_index/resource_index
[1.183s] creating /home/noetic-sierra/ros2_ws/install/py_pubsub/share/ament_index/resource_index/packages
[1.184s] copying resource/py_pubsub -> /home/noetic-sierra/ros2_ws/install/py_pubsub/share/ament_index/resource_index/packages
[1.184s] copying package.xml -> /home/noetic-sierra/ros2_ws/install/py_pubsub/share/py_pubsub
[1.184s] running install_egg_info
[1.189s] Copying ../../build/py_pubsub/py_pubsub.egg-info to /home/noetic-sierra/ros2_ws/install/py_pubsub/lib/python3.10/site-packages/py_pubsub-0.0.0-py3.10.egg-info
[1.190s] running install_scripts
[1.206s] Installing listener script to /home/noetic-sierra/ros2_ws/install/py_pubsub/lib/py_pubsub
[1.206s] Installing talker script to /home/noetic-sierra/ros2_ws/install/py_pubsub/lib/py_pubsub
[1.207s] writing list of installed files to '/home/noetic-sierra/ros2_ws/build/py_pubsub/install.log'
[1.225s] Invoked command in '/home/noetic-sierra/ros2_ws/src/py_pubsub' returned '0': PYTHONPATH=/home/noetic-sierra/ros2_ws/build/py_pubsub/prefix_override:/home/noetic-sierra/ros2_ws/install/py_pubsub/lib/python3.10/site-packages:${PYTHONPATH} /usr/bin/python3 setup.py egg_info --egg-base ../../build/py_pubsub build --build-base /home/noetic-sierra/ros2_ws/build/py_pubsub/build install --record /home/noetic-sierra/ros2_ws/build/py_pubsub/install.log --single-version-externally-managed
