[0.339s] Invoking command in '/home/noetic-sierra/Downloads/SIMUA/ROS/sandbox/ros2_ws/src/py_pubsub': PYTHONPATH=/home/noetic-sierra/Downloads/SIMUA/ROS/sandbox/ros2_ws/build/py_pubsub/prefix_override:/home/noetic-sierra/Downloads/SIMUA/ROS/sandbox/ros2_ws/install/py_pubsub/lib/python3.10/site-packages: /usr/bin/python3 setup.py egg_info --egg-base ../../build/py_pubsub build --build-base /home/noetic-sierra/Downloads/SIMUA/ROS/sandbox/ros2_ws/build/py_pubsub/build install --record /home/noetic-sierra/Downloads/SIMUA/ROS/sandbox/ros2_ws/build/py_pubsub/install.log --single-version-externally-managed
[0.422s] running egg_info
[0.422s] creating ../../build/py_pubsub/py_pubsub.egg-info
[0.426s] writing ../../build/py_pubsub/py_pubsub.egg-info/PKG-INFO
[0.426s] writing dependency_links to ../../build/py_pubsub/py_pubsub.egg-info/dependency_links.txt
[0.426s] writing requirements to ../../build/py_pubsub/py_pubsub.egg-info/requires.txt
[0.426s] writing top-level names to ../../build/py_pubsub/py_pubsub.egg-info/top_level.txt
[0.426s] writing manifest file '../../build/py_pubsub/py_pubsub.egg-info/SOURCES.txt'
[0.434s] reading manifest file '../../build/py_pubsub/py_pubsub.egg-info/SOURCES.txt'
[0.435s] writing manifest file '../../build/py_pubsub/py_pubsub.egg-info/SOURCES.txt'
[0.435s] running build
[0.435s] running build_py
[0.435s] creating /home/noetic-sierra/Downloads/SIMUA/ROS/sandbox/ros2_ws/build/py_pubsub/build
[0.435s] creating /home/noetic-sierra/Downloads/SIMUA/ROS/sandbox/ros2_ws/build/py_pubsub/build/lib
[0.435s] creating /home/noetic-sierra/Downloads/SIMUA/ROS/sandbox/ros2_ws/build/py_pubsub/build/lib/py_pubsub
[0.435s] copying py_pubsub/__init__.py -> /home/noetic-sierra/Downloads/SIMUA/ROS/sandbox/ros2_ws/build/py_pubsub/build/lib/py_pubsub
[0.435s] copying py_pubsub/publisher_member_function.py -> /home/noetic-sierra/Downloads/SIMUA/ROS/sandbox/ros2_ws/build/py_pubsub/build/lib/py_pubsub
[0.435s] copying py_pubsub/subscriber_member_function.py -> /home/noetic-sierra/Downloads/SIMUA/ROS/sandbox/ros2_ws/build/py_pubsub/build/lib/py_pubsub
[0.435s] running install
[0.435s] /usr/local/lib/python3.10/dist-packages/setuptools/command/install.py:34: SetuptoolsDeprecationWarning: setup.py install is deprecated. Use build and pip and other standards-based tools.
[0.436s]   warnings.warn(
[0.438s] running install_lib
[0.442s] creating /home/noetic-sierra/Downloads/SIMUA/ROS/sandbox/ros2_ws/install/py_pubsub/lib/python3.10/site-packages/py_pubsub
[0.442s] copying /home/noetic-sierra/Downloads/SIMUA/ROS/sandbox/ros2_ws/build/py_pubsub/build/lib/py_pubsub/__init__.py -> /home/noetic-sierra/Downloads/SIMUA/ROS/sandbox/ros2_ws/install/py_pubsub/lib/python3.10/site-packages/py_pubsub
[0.442s] copying /home/noetic-sierra/Downloads/SIMUA/ROS/sandbox/ros2_ws/build/py_pubsub/build/lib/py_pubsub/publisher_member_function.py -> /home/noetic-sierra/Downloads/SIMUA/ROS/sandbox/ros2_ws/install/py_pubsub/lib/python3.10/site-packages/py_pubsub
[0.442s] copying /home/noetic-sierra/Downloads/SIMUA/ROS/sandbox/ros2_ws/build/py_pubsub/build/lib/py_pubsub/subscriber_member_function.py -> /home/noetic-sierra/Downloads/SIMUA/ROS/sandbox/ros2_ws/install/py_pubsub/lib/python3.10/site-packages/py_pubsub
[0.442s] byte-compiling /home/noetic-sierra/Downloads/SIMUA/ROS/sandbox/ros2_ws/install/py_pubsub/lib/python3.10/site-packages/py_pubsub/__init__.py to __init__.cpython-310.pyc
[0.442s] byte-compiling /home/noetic-sierra/Downloads/SIMUA/ROS/sandbox/ros2_ws/install/py_pubsub/lib/python3.10/site-packages/py_pubsub/publisher_member_function.py to publisher_member_function.cpython-310.pyc
[0.442s] byte-compiling /home/noetic-sierra/Downloads/SIMUA/ROS/sandbox/ros2_ws/install/py_pubsub/lib/python3.10/site-packages/py_pubsub/subscriber_member_function.py to subscriber_member_function.cpython-310.pyc
[0.442s] running install_data
[0.446s] creating /home/noetic-sierra/Downloads/SIMUA/ROS/sandbox/ros2_ws/install/py_pubsub/share/ament_index
[0.446s] creating /home/noetic-sierra/Downloads/SIMUA/ROS/sandbox/ros2_ws/install/py_pubsub/share/ament_index/resource_index
[0.446s] creating /home/noetic-sierra/Downloads/SIMUA/ROS/sandbox/ros2_ws/install/py_pubsub/share/ament_index/resource_index/packages
[0.446s] copying resource/py_pubsub -> /home/noetic-sierra/Downloads/SIMUA/ROS/sandbox/ros2_ws/install/py_pubsub/share/ament_index/resource_index/packages
[0.446s] copying package.xml -> /home/noetic-sierra/Downloads/SIMUA/ROS/sandbox/ros2_ws/install/py_pubsub/share/py_pubsub
[0.446s] running install_egg_info
[0.451s] Copying ../../build/py_pubsub/py_pubsub.egg-info to /home/noetic-sierra/Downloads/SIMUA/ROS/sandbox/ros2_ws/install/py_pubsub/lib/python3.10/site-packages/py_pubsub-0.0.0-py3.10.egg-info
[0.451s] running install_scripts
[0.507s] writing list of installed files to '/home/noetic-sierra/Downloads/SIMUA/ROS/sandbox/ros2_ws/build/py_pubsub/install.log'
[0.521s] Invoked command in '/home/noetic-sierra/Downloads/SIMUA/ROS/sandbox/ros2_ws/src/py_pubsub' returned '0': PYTHONPATH=/home/noetic-sierra/Downloads/SIMUA/ROS/sandbox/ros2_ws/build/py_pubsub/prefix_override:/home/noetic-sierra/Downloads/SIMUA/ROS/sandbox/ros2_ws/install/py_pubsub/lib/python3.10/site-packages: /usr/bin/python3 setup.py egg_info --egg-base ../../build/py_pubsub build --build-base /home/noetic-sierra/Downloads/SIMUA/ROS/sandbox/ros2_ws/build/py_pubsub/build install --record /home/noetic-sierra/Downloads/SIMUA/ROS/sandbox/ros2_ws/build/py_pubsub/install.log --single-version-externally-managed
